Arguments: 
  /usr/local/bin/node /usr/local/bin/yarn add rollup

PATH: 
  /Library/Frameworks/Python.framework/Versions/3.7/bin:/Users/luye/anaconda3/bin:/Library/Frameworks/Python.framework/Versions/3.6/bin:/Library/Frameworks/Python.framework/Versions/3.6/bin:/usr/local/bin:/usr/bin:/bin:/usr/sbin:/sbin:/Users/luye/anaconda3/bin:/Library/Frameworks/Python.framework/Versions/3.6/bin

Yarn version: 
  0.27.5

Node version: 
  8.16.0

Platform: 
  darwin x64

npm manifest: 
  {
    "name": "pavascript",
    "version": "1.0.0",
    "description": "",
    "main": "index.js",
    "scripts": {
      "test": "echo \"Error: no test specified\" && exit 1"
    },
    "keywords": [
      "python",
      "javascript"
    ],
    "author": "huangluye",
    "license": "ISC"
  }

yarn manifest: 
  No manifest

Lockfile: 
  No lockfile

Trace: 
  Error: https://registry.npmjs.org/rollup: ETIMEDOUT
      at Timeout._onTimeout (/usr/local/Cellar/yarn/0.27.5/libexec/lib/yarn-cli.js:114906:19)
      at ontimeout (timers.js:498:11)
      at tryOnTimeout (timers.js:323:5)
      at Timer.listOnTimeout (timers.js:290:5)
